2014-09-04T04:04:35+00:00 ERR (3): Warning: include(Mage/Product/Model/Entity.php): failed to open stream: No such file or directory  in /var/www/html/ice.new/lib/Varien/Autoload.php on line 93
2014-09-04T04:04:35+00:00 ERR (3): Warning: include(Mage/Product/Model/Entity.php): failed to open stream: No such file or directory  in /var/www/html/ice.new/lib/Varien/Autoload.php on line 93
2014-09-04T04:04:35+00:00 ERR (3): Warning: include(): Failed opening 'Mage/Product/Model/Entity.php' for inclusion (include_path='/var/www/html/ice.new/app/code/local:/var/www/html/ice.new/app/code/community:/var/www/html/ice.new/app/code/core:/var/www/html/ice.new/lib:.:/usr/share/pear:/usr/share/php')  in /var/www/html/ice.new/lib/Varien/Autoload.php on line 93
2014-09-04T04:04:50+00:00 ERR (3): Warning: include(Mage/Catalog/Model/Product/Entity.php): failed to open stream: No such file or directory  in /var/www/html/ice.new/lib/Varien/Autoload.php on line 93
2014-09-04T04:04:50+00:00 ERR (3): Warning: include(Mage/Catalog/Model/Product/Entity.php): failed to open stream: No such file or directory  in /var/www/html/ice.new/lib/Varien/Autoload.php on line 93
2014-09-04T04:04:50+00:00 ERR (3): Warning: include(): Failed opening 'Mage/Catalog/Model/Product/Entity.php' for inclusion (include_path='/var/www/html/ice.new/app/code/local:/var/www/html/ice.new/app/code/community:/var/www/html/ice.new/app/code/core:/var/www/html/ice.new/lib:.:/usr/share/pear:/usr/share/php')  in /var/www/html/ice.new/lib/Varien/Autoload.php on line 93
2014-09-04T04:27:29+00:00 ERR (3): Notice: Undefined variable: thing  in /var/www/html/ice.new/shell/imc.php(97) : eval()'d code on line 1
2014-09-04T04:44:52+00:00 ERR (3): Warning: preg_grep(): Unknown modifier '/'  in /var/www/html/ice.new/shell/imc.php on line 135
2014-09-04T05:25:48+00:00 ERR (3): Notice: Trying to get property of non-object  in /var/www/html/ice.new/app/code/core/Mage/Adminhtml/Block/System/Config/Form.php on line 611
2014-09-04T05:25:48+00:00 ERR (3): Notice: Trying to get property of non-object  in /var/www/html/ice.new/app/code/core/Mage/Adminhtml/Block/System/Config/Form.php on line 618
2014-09-04T08:32:44+00:00 ERR (3): Warning: include(Mage/Varnishcacheenterprise/Model/Vcl.php): failed to open stream: No such file or directory  in /var/www/html/ice.new/lib/Varien/Autoload.php on line 93
2014-09-04T08:32:44+00:00 ERR (3): Warning: include(Mage/Varnishcacheenterprise/Model/Vcl.php): failed to open stream: No such file or directory  in /var/www/html/ice.new/lib/Varien/Autoload.php on line 93
2014-09-04T08:32:44+00:00 ERR (3): Warning: include(): Failed opening 'Mage/Varnishcacheenterprise/Model/Vcl.php' for inclusion (include_path='/var/www/html/ice.new/app/code/local:/var/www/html/ice.new/app/code/community:/var/www/html/ice.new/app/code/core:/var/www/html/ice.new/lib:.:/usr/share/pear:/usr/share/php')  in /var/www/html/ice.new/lib/Varien/Autoload.php on line 93
2014-09-04T08:33:37+00:00 ERR (3): Warning: include(Mage/Varnishcacheenterprise/Model/Vcl.php): failed to open stream: No such file or directory  in /var/www/html/ice.new/lib/Varien/Autoload.php on line 93
2014-09-04T08:33:37+00:00 ERR (3): Warning: include(Mage/Varnishcacheenterprise/Model/Vcl.php): failed to open stream: No such file or directory  in /var/www/html/ice.new/lib/Varien/Autoload.php on line 93
2014-09-04T08:33:37+00:00 ERR (3): Warning: include(): Failed opening 'Mage/Varnishcacheenterprise/Model/Vcl.php' for inclusion (include_path='/var/www/html/ice.new/app/code/local:/var/www/html/ice.new/app/code/community:/var/www/html/ice.new/app/code/core:/var/www/html/ice.new/lib:.:/usr/share/pear:/usr/share/php')  in /var/www/html/ice.new/lib/Varien/Autoload.php on line 93
2014-09-04T08:34:00+00:00 ERR (3): Warning: include(Mage/Varnishcacheenterprise/Model/Vcl.php): failed to open stream: No such file or directory  in /var/www/html/ice.new/lib/Varien/Autoload.php on line 93
2014-09-04T08:34:00+00:00 ERR (3): Warning: include(Mage/Varnishcacheenterprise/Model/Vcl.php): failed to open stream: No such file or directory  in /var/www/html/ice.new/lib/Varien/Autoload.php on line 93
2014-09-04T08:34:00+00:00 ERR (3): Warning: include(): Failed opening 'Mage/Varnishcacheenterprise/Model/Vcl.php' for inclusion (include_path='/var/www/html/ice.new/app/code/local:/var/www/html/ice.new/app/code/community:/var/www/html/ice.new/app/code/core:/var/www/html/ice.new/lib:.:/usr/share/pear:/usr/share/php')  in /var/www/html/ice.new/lib/Varien/Autoload.php on line 93
2014-09-04T08:34:40+00:00 ERR (3): Warning: include(Mage/Varnishcacheenterprise/Model/Vcl.php): failed to open stream: No such file or directory  in /var/www/html/ice.new/lib/Varien/Autoload.php on line 93
2014-09-04T08:34:40+00:00 ERR (3): Warning: include(Mage/Varnishcacheenterprise/Model/Vcl.php): failed to open stream: No such file or directory  in /var/www/html/ice.new/lib/Varien/Autoload.php on line 93
2014-09-04T08:34:40+00:00 ERR (3): Warning: include(): Failed opening 'Mage/Varnishcacheenterprise/Model/Vcl.php' for inclusion (include_path='/var/www/html/ice.new/app/code/local:/var/www/html/ice.new/app/code/community:/var/www/html/ice.new/app/code/core:/var/www/html/ice.new/lib:.:/usr/share/pear:/usr/share/php')  in /var/www/html/ice.new/lib/Varien/Autoload.php on line 93
